<?xml version="1.0" encoding="UTF-8"?>
<!-- Generated by org.testng.reporters.JUnitReportReporter -->
<testsuite skipped="0" hostname="User-PC" name="com.thc.cases.AdminHomePageTest" tests="2" failures="0" timestamp="04 Nov 2018 10:47:52 GMT" time="63.461" errors="0">
  <testcase name="adminHomePageTest" time="27.382" classname="com.thc.cases.AdminHomePageTest"/>
  <testcase name="doctorLinkTest" time="36.079" classname="com.thc.cases.AdminHomePageTest"/>
</testsuite> <!-- com.thc.cases.AdminHomePageTest -->
