<?xml version="1.0" encoding="UTF-8"?>
<!-- Generated by org.testng.reporters.JUnitReportReporter -->
<testsuite skipped="0" hostname="User-PC" name="com.thc.cases.DoctorAddListPageTest" tests="3" failures="0" timestamp="06 Nov 2018 10:29:19 GMT" time="125.550" errors="0">
  <testcase name="addDoctorClickingTest" time="21.516" classname="com.thc.cases.DoctorAddListPageTest"/>
  <testcase name="addDoctorClickingTest" time="25.912" classname="com.thc.cases.DoctorAddListPageTest"/>
  <testcase name="addDoctorClickingTest" time="78.122" classname="com.thc.cases.DoctorAddListPageTest"/>
</testsuite> <!-- com.thc.cases.DoctorAddListPageTest -->
