<?xml version="1.0" encoding="UTF-8"?>
<!-- Generated by org.testng.reporters.JUnitReportReporter -->
<testsuite skipped="0" hostname="User-PC" name="com.thc.cases.ManageNursePageTest" tests="6" failures="0" timestamp="13 Nov 2018 12:47:43 GMT" time="175.035" errors="0">
  <testcase name="addNurseTest" time="70.293" classname="com.thc.cases.ManageNursePageTest"/>
  <testcase name="addNurseTest" time="21.384" classname="com.thc.cases.ManageNursePageTest"/>
  <testcase name="addNurseTest" time="21.882" classname="com.thc.cases.ManageNursePageTest"/>
  <testcase name="addNurseTest" time="19.438" classname="com.thc.cases.ManageNursePageTest"/>
  <testcase name="addNurseTest" time="21.116" classname="com.thc.cases.ManageNursePageTest"/>
  <testcase name="addNurseTest" time="20.922" classname="com.thc.cases.ManageNursePageTest"/>
</testsuite> <!-- com.thc.cases.ManageNursePageTest -->
